<?xml version="1.0" encoding="UTF-8"?>
<!-- Generated by org.testng.reporters.JUnitReportReporter -->
<testsuite skipped="0" hostname="DESKTOP-0GF57D2" name="com.sgic.automation.demo.pagetests.DashboardTest" tests="1" failures="0" timestamp="24 Nov 2018 12:37:42 GMT" time="7.465" errors="0">
  <testcase name="verifyUserManagement" time="7.465" classname="com.sgic.automation.demo.pagetests.DashboardTest"/>
</testsuite> <!-- com.sgic.automation.demo.pagetests.DashboardTest -->
