<?xml version="1.0" encoding="UTF-8"?>
<!-- Generated by org.testng.reporters.JUnitReportReporter -->
<testsuite skipped="0" hostname="DESKTOP-0GF57D2" name="com.sgic.automation.demo.pagetests.LoginTest" tests="1" failures="0" timestamp="24 Nov 2018 11:51:34 GMT" time="3.301" errors="0">
  <testcase name="verifyAdminLogin" time="3.301" classname="com.sgic.automation.demo.pagetests.LoginTest"/>
</testsuite> <!-- com.sgic.automation.demo.pagetests.LoginTest -->
