<?xml version="1.0" encoding="UTF-8"?>
<!-- Generated by org.testng.reporters.JUnitReportReporter -->
<testsuite skipped="0" hostname="DESKTOP-RSEB8KC" name="com.sgic.automation.demo.test.LoginTest" tests="1" failures="0" timestamp="30 Nov 2018 08:12:01 GMT" time="33.066" errors="0">
  <testcase name="testOrangeHRM" time="33.066" classname="com.sgic.automation.demo.test.LoginTest"/>
</testsuite> <!-- com.sgic.automation.demo.test.LoginTest -->
